11/4/2018 11:04:45 PM	This log contains information about the import schema operation into project 'CustomersListDatabase' on computer 'DESKTOP-OE2CGFQ' by user 'Lorincz Patrik'.
11/4/2018 11:04:45 PM	Import of database schema has started.
11/4/2018 11:04:50 PM	Gathering database options
11/4/2018 11:04:50 PM	Gathering users
11/4/2018 11:04:50 PM	Gathering roles
11/4/2018 11:04:50 PM	Gathering application roles
11/4/2018 11:04:50 PM	Gathering role memberships
11/4/2018 11:04:50 PM	Gathering filegroups
11/4/2018 11:04:50 PM	Gathering full-text catalogs
11/4/2018 11:04:50 PM	Gathering assemblies
11/4/2018 11:04:50 PM	Gathering certificates
11/4/2018 11:04:50 PM	Gathering asymmetric keys
11/4/2018 11:04:50 PM	Gathering symmetric keys
11/4/2018 11:04:50 PM	Gathering encrypted symmetric keys
11/4/2018 11:04:50 PM	Gathering schemas
11/4/2018 11:04:50 PM	Gathering XML schema collections
11/4/2018 11:04:50 PM	Gathering user-defined data types
11/4/2018 11:04:50 PM	Gathering user-defined types
11/4/2018 11:04:50 PM	Gathering table types
11/4/2018 11:04:50 PM	Gathering unique keys for table types
11/4/2018 11:04:50 PM	Gathering primary keys for table types
11/4/2018 11:04:50 PM	Gathering check constraints for table types
11/4/2018 11:04:50 PM	Gathering default constraints for table types
11/4/2018 11:04:50 PM	Gathering partition functions
11/4/2018 11:04:50 PM	Gathering partition schemes
11/4/2018 11:04:50 PM	Gathering functions
11/4/2018 11:04:50 PM	Gathering encrypted functions
11/4/2018 11:04:50 PM	Gathering aggregates
11/4/2018 11:04:50 PM	Gathering procedures
11/4/2018 11:04:50 PM	Gathering encrypted procedures
11/4/2018 11:04:50 PM	Gathering tables
11/4/2018 11:04:50 PM	Gathering primary keys
11/4/2018 11:04:50 PM	Gathering unique constraints
11/4/2018 11:04:50 PM	Gathering foreign keys
11/4/2018 11:04:50 PM	Gathering default constraints
11/4/2018 11:04:50 PM	Gathering check constraints
11/4/2018 11:04:50 PM	Gathering views
11/4/2018 11:04:50 PM	Gathering encrypted views
11/4/2018 11:04:50 PM	Gathering indexes
11/4/2018 11:04:50 PM	Gathering statistics
11/4/2018 11:04:50 PM	Gathering full-text index stoplists
11/4/2018 11:04:50 PM	Gathering search property lists
11/4/2018 11:04:50 PM	Gathering search properties
11/4/2018 11:04:50 PM	Gathering full-text indexes
11/4/2018 11:04:50 PM	Gathering column store indexes
11/4/2018 11:04:50 PM	Gathering spatial indexes
11/4/2018 11:04:50 PM	Gathering XML indexes
11/4/2018 11:04:50 PM	Gathering encrypted triggers
11/4/2018 11:04:50 PM	Gathering triggers
11/4/2018 11:04:50 PM	Gathering encrypted and clr ddl triggers
11/4/2018 11:04:50 PM	Gathering ddl triggers
11/4/2018 11:04:50 PM	Gathering synonyms
11/4/2018 11:04:50 PM	Gathering defaults
11/4/2018 11:04:50 PM	Gathering data constraint uddt bindings
11/4/2018 11:04:50 PM	Gathering rules
11/4/2018 11:04:50 PM	Gathering data constraint uddt bindings
11/4/2018 11:04:50 PM	Gathering message types
11/4/2018 11:04:50 PM	Gathering queues
11/4/2018 11:04:50 PM	Gathering contracts
11/4/2018 11:04:51 PM	Gathering services
11/4/2018 11:04:51 PM	Gathering event notifications
11/4/2018 11:04:51 PM	Gathering remote service bindings
11/4/2018 11:04:51 PM	Gathering broker priorities
11/4/2018 11:04:51 PM	Gathering signatures
11/4/2018 11:04:51 PM	Gathering data compression options
11/4/2018 11:04:51 PM	Gathering sequence types
11/4/2018 11:04:51 PM	Gathering extended properties
11/4/2018 11:04:51 PM	Gathering credentials
11/4/2018 11:04:51 PM	Gathering logins
11/4/2018 11:04:51 PM	Gathering server audits
11/4/2018 11:04:51 PM	Scanning project for duplicate elements
11/4/2018 11:04:51 PM	Finished duplicate element processing
11/4/2018 11:04:51 PM	Finished importing database.
11/4/2018 11:04:51 PM	A summary of the import was saved to the following location: D:\Work\CustomerListProject\BackEnd\CustomersList\CustomersListDatabase\Import Schema Logs\CustomersListDatabas_20181104090445.log
11/4/2018 11:04:51 PM	Click Finish to continue...
